2025-07-16 17:41:59,110 [Worker-7: Loading available Gradle versions] INFO  o.e.b.c.i.u.g.PublishedGradleVersions - Gradle version information cache is not available. Remote download required.
2025-07-16 17:43:19,817 [ModalContext] INFO  o.e.m.c.i.e.AbstractTransferListenerAdapter - Downloading https://repo.maven.apache.org/maven2/org/apache/maven/archetypes/maven-archetype-quickstart/1.1/maven-archetype-quickstart-1.1.pom
2025-07-16 17:43:19,830 [ModalContext] INFO  o.e.m.c.i.e.AbstractTransferListenerAdapter - Downloaded https://repo.maven.apache.org/maven2/org/apache/maven/archetypes/maven-archetype-quickstart/1.1/maven-archetype-quickstart-1.1.pom
2025-07-16 17:43:19,905 [ModalContext] INFO  o.e.m.c.i.e.AbstractTransferListenerAdapter - Downloading https://repo.maven.apache.org/maven2/org/apache/maven/archetypes/maven-archetype-bundles/4/maven-archetype-bundles-4.pom
2025-07-16 17:43:19,913 [ModalContext] INFO  o.e.m.c.i.e.AbstractTransferListenerAdapter - Downloaded https://repo.maven.apache.org/maven2/org/apache/maven/archetypes/maven-archetype-bundles/4/maven-archetype-bundles-4.pom
2025-07-16 17:43:19,978 [ModalContext] INFO  o.e.m.c.i.e.AbstractTransferListenerAdapter - Downloading https://repo.maven.apache.org/maven2/org/apache/maven/archetype/maven-archetype/2.0-alpha-5/maven-archetype-2.0-alpha-5.pom
2025-07-16 17:43:19,984 [ModalContext] INFO  o.e.m.c.i.e.AbstractTransferListenerAdapter - Downloaded https://repo.maven.apache.org/maven2/org/apache/maven/archetype/maven-archetype/2.0-alpha-5/maven-archetype-2.0-alpha-5.pom
2025-07-16 17:43:20,048 [ModalContext] INFO  o.e.m.c.i.e.AbstractTransferListenerAdapter - Downloading https://repo.maven.apache.org/maven2/org/apache/maven/maven-parent/16/maven-parent-16.pom
2025-07-16 17:43:20,060 [ModalContext] INFO  o.e.m.c.i.e.AbstractTransferListenerAdapter - Downloaded https://repo.maven.apache.org/maven2/org/apache/maven/maven-parent/16/maven-parent-16.pom
2025-07-16 17:43:20,124 [ModalContext] INFO  o.e.m.c.i.e.AbstractTransferListenerAdapter - Downloading https://repo.maven.apache.org/maven2/org/apache/apache/7/apache-7.pom
2025-07-16 17:43:20,133 [ModalContext] INFO  o.e.m.c.i.e.AbstractTransferListenerAdapter - Downloaded https://repo.maven.apache.org/maven2/org/apache/apache/7/apache-7.pom
2025-07-16 17:43:20,211 [ModalContext] INFO  o.e.m.c.i.e.AbstractTransferListenerAdapter - Downloading https://repo.maven.apache.org/maven2/org/apache/maven/archetypes/maven-archetype-quickstart/1.1/maven-archetype-quickstart-1.1.jar
2025-07-16 17:43:20,217 [ModalContext] INFO  o.e.m.c.i.e.AbstractTransferListenerAdapter - Downloaded https://repo.maven.apache.org/maven2/org/apache/maven/archetypes/maven-archetype-quickstart/1.1/maven-archetype-quickstart-1.1.jar
2025-07-16 17:43:46,569 [Worker-28: Launching mavenrun-c29c7109-2016-4d86-a12f-fc9ec8a07646] INFO  o.eclipse.m2e.core.internal.Bundles - getClasspathEntries(Bundle=org.eclipse.m2e.maven.runtime_3.9.900.20250220-2013 [638])
2025-07-16 17:43:46,572 [Worker-28: Launching mavenrun-c29c7109-2016-4d86-a12f-fc9ec8a07646] INFO  o.eclipse.m2e.core.internal.Bundles - 	Entry: C:\Imp_Dwnlds\Open Source_Eclipse Org_ECLIPSE IDE_2025-03 R_eclipse-jee-2025-03-R-win32-x86_64\eclipse\plugins\org.eclipse.m2e.maven.runtime_3.9.900.20250220-2013
2025-07-16 17:43:46,573 [Worker-28: Launching mavenrun-c29c7109-2016-4d86-a12f-fc9ec8a07646] INFO  o.eclipse.m2e.core.internal.Bundles - 	Entry: C:\Imp_Dwnlds\Open Source_Eclipse Org_ECLIPSE IDE_2025-03 R_eclipse-jee-2025-03-R-win32-x86_64\eclipse\plugins\org.eclipse.m2e.maven.runtime_3.9.900.20250220-2013\jars\aopalliance-1.0.jar
2025-07-16 17:43:46,573 [Worker-28: Launching mavenrun-c29c7109-2016-4d86-a12f-fc9ec8a07646] INFO  o.eclipse.m2e.core.internal.Bundles - 	Entry: C:\Imp_Dwnlds\Open Source_Eclipse Org_ECLIPSE IDE_2025-03 R_eclipse-jee-2025-03-R-win32-x86_64\eclipse\plugins\org.eclipse.m2e.maven.runtime_3.9.900.20250220-2013\jars\guice-5.1.0.jar
2025-07-16 17:43:46,574 [Worker-28: Launching mavenrun-c29c7109-2016-4d86-a12f-fc9ec8a07646] INFO  o.eclipse.m2e.core.internal.Bundles - 	Entry: C:\Imp_Dwnlds\Open Source_Eclipse Org_ECLIPSE IDE_2025-03 R_eclipse-jee-2025-03-R-win32-x86_64\eclipse\plugins\org.eclipse.m2e.maven.runtime_3.9.900.20250220-2013\jars\httpclient-4.5.14.jar
2025-07-16 17:43:46,574 [Worker-28: Launching mavenrun-c29c7109-2016-4d86-a12f-fc9ec8a07646] INFO  o.eclipse.m2e.core.internal.Bundles - 	Entry: C:\Imp_Dwnlds\Open Source_Eclipse Org_ECLIPSE IDE_2025-03 R_eclipse-jee-2025-03-R-win32-x86_64\eclipse\plugins\org.eclipse.m2e.maven.runtime_3.9.900.20250220-2013\jars\httpcore-4.4.16.jar
2025-07-16 17:43:46,575 [Worker-28: Launching mavenrun-c29c7109-2016-4d86-a12f-fc9ec8a07646] INFO  o.eclipse.m2e.core.internal.Bundles - 	Entry: C:\Imp_Dwnlds\Open Source_Eclipse Org_ECLIPSE IDE_2025-03 R_eclipse-jee-2025-03-R-win32-x86_64\eclipse\plugins\org.eclipse.m2e.maven.runtime_3.9.900.20250220-2013\jars\jansi-2.4.1.jar
2025-07-16 17:43:46,575 [Worker-28: Launching mavenrun-c29c7109-2016-4d86-a12f-fc9ec8a07646] INFO  o.eclipse.m2e.core.internal.Bundles - 	Entry: C:\Imp_Dwnlds\Open Source_Eclipse Org_ECLIPSE IDE_2025-03 R_eclipse-jee-2025-03-R-win32-x86_64\eclipse\plugins\org.eclipse.m2e.maven.runtime_3.9.900.20250220-2013\jars\jcl-over-slf4j-1.7.36.jar
2025-07-16 17:43:46,575 [Worker-28: Launching mavenrun-c29c7109-2016-4d86-a12f-fc9ec8a07646] INFO  o.eclipse.m2e.core.internal.Bundles - 	Entry: C:\Imp_Dwnlds\Open Source_Eclipse Org_ECLIPSE IDE_2025-03 R_eclipse-jee-2025-03-R-win32-x86_64\eclipse\plugins\org.eclipse.m2e.maven.runtime_3.9.900.20250220-2013\jars\maven-artifact-3.9.9.jar
2025-07-16 17:43:46,576 [Worker-28: Launching mavenrun-c29c7109-2016-4d86-a12f-fc9ec8a07646] INFO  o.eclipse.m2e.core.internal.Bundles - 	Entry: C:\Imp_Dwnlds\Open Source_Eclipse Org_ECLIPSE IDE_2025-03 R_eclipse-jee-2025-03-R-win32-x86_64\eclipse\plugins\org.eclipse.m2e.maven.runtime_3.9.900.20250220-2013\jars\maven-builder-support-3.9.9.jar
2025-07-16 17:43:46,576 [Worker-28: Launching mavenrun-c29c7109-2016-4d86-a12f-fc9ec8a07646] INFO  o.eclipse.m2e.core.internal.Bundles - 	Entry: C:\Imp_Dwnlds\Open Source_Eclipse Org_ECLIPSE IDE_2025-03 R_eclipse-jee-2025-03-R-win32-x86_64\eclipse\plugins\org.eclipse.m2e.maven.runtime_3.9.900.20250220-2013\jars\maven-compat-3.9.9.jar
2025-07-16 17:43:46,577 [Worker-28: Launching mavenrun-c29c7109-2016-4d86-a12f-fc9ec8a07646] INFO  o.eclipse.m2e.core.internal.Bundles - 	Entry: C:\Imp_Dwnlds\Open Source_Eclipse Org_ECLIPSE IDE_2025-03 R_eclipse-jee-2025-03-R-win32-x86_64\eclipse\plugins\org.eclipse.m2e.maven.runtime_3.9.900.20250220-2013\jars\maven-core-3.9.9.jar
2025-07-16 17:43:46,577 [Worker-28: Launching mavenrun-c29c7109-2016-4d86-a12f-fc9ec8a07646] INFO  o.eclipse.m2e.core.internal.Bundles - 	Entry: C:\Imp_Dwnlds\Open Source_Eclipse Org_ECLIPSE IDE_2025-03 R_eclipse-jee-2025-03-R-win32-x86_64\eclipse\plugins\org.eclipse.m2e.maven.runtime_3.9.900.20250220-2013\jars\maven-embedder-3.9.9.jar
2025-07-16 17:43:46,578 [Worker-28: Launching mavenrun-c29c7109-2016-4d86-a12f-fc9ec8a07646] INFO  o.eclipse.m2e.core.internal.Bundles - 	Entry: C:\Imp_Dwnlds\Open Source_Eclipse Org_ECLIPSE IDE_2025-03 R_eclipse-jee-2025-03-R-win32-x86_64\eclipse\plugins\org.eclipse.m2e.maven.runtime_3.9.900.20250220-2013\jars\maven-model-3.9.9.jar
2025-07-16 17:43:46,578 [Worker-28: Launching mavenrun-c29c7109-2016-4d86-a12f-fc9ec8a07646] INFO  o.eclipse.m2e.core.internal.Bundles - 	Entry: C:\Imp_Dwnlds\Open Source_Eclipse Org_ECLIPSE IDE_2025-03 R_eclipse-jee-2025-03-R-win32-x86_64\eclipse\plugins\org.eclipse.m2e.maven.runtime_3.9.900.20250220-2013\jars\maven-model-builder-3.9.9.jar
2025-07-16 17:43:46,579 [Worker-28: Launching mavenrun-c29c7109-2016-4d86-a12f-fc9ec8a07646] INFO  o.eclipse.m2e.core.internal.Bundles - 	Entry: C:\Imp_Dwnlds\Open Source_Eclipse Org_ECLIPSE IDE_2025-03 R_eclipse-jee-2025-03-R-win32-x86_64\eclipse\plugins\org.eclipse.m2e.maven.runtime_3.9.900.20250220-2013\jars\maven-plugin-api-3.9.9.jar
2025-07-16 17:43:46,579 [Worker-28: Launching mavenrun-c29c7109-2016-4d86-a12f-fc9ec8a07646] INFO  o.eclipse.m2e.core.internal.Bundles - 	Entry: C:\Imp_Dwnlds\Open Source_Eclipse Org_ECLIPSE IDE_2025-03 R_eclipse-jee-2025-03-R-win32-x86_64\eclipse\plugins\org.eclipse.m2e.maven.runtime_3.9.900.20250220-2013\jars\maven-repository-metadata-3.9.9.jar
2025-07-16 17:43:46,580 [Worker-28: Launching mavenrun-c29c7109-2016-4d86-a12f-fc9ec8a07646] INFO  o.eclipse.m2e.core.internal.Bundles - 	Entry: C:\Imp_Dwnlds\Open Source_Eclipse Org_ECLIPSE IDE_2025-03 R_eclipse-jee-2025-03-R-win32-x86_64\eclipse\plugins\org.eclipse.m2e.maven.runtime_3.9.900.20250220-2013\jars\maven-resolver-api-1.9.22.jar
2025-07-16 17:43:46,580 [Worker-28: Launching mavenrun-c29c7109-2016-4d86-a12f-fc9ec8a07646] INFO  o.eclipse.m2e.core.internal.Bundles - 	Entry: C:\Imp_Dwnlds\Open Source_Eclipse Org_ECLIPSE IDE_2025-03 R_eclipse-jee-2025-03-R-win32-x86_64\eclipse\plugins\org.eclipse.m2e.maven.runtime_3.9.900.20250220-2013\jars\maven-resolver-connector-basic-1.9.22.jar
2025-07-16 17:43:46,581 [Worker-28: Launching mavenrun-c29c7109-2016-4d86-a12f-fc9ec8a07646] INFO  o.eclipse.m2e.core.internal.Bundles - 	Entry: C:\Imp_Dwnlds\Open Source_Eclipse Org_ECLIPSE IDE_2025-03 R_eclipse-jee-2025-03-R-win32-x86_64\eclipse\plugins\org.eclipse.m2e.maven.runtime_3.9.900.20250220-2013\jars\maven-resolver-impl-1.9.22.jar
2025-07-16 17:43:46,581 [Worker-28: Launching mavenrun-c29c7109-2016-4d86-a12f-fc9ec8a07646] INFO  o.eclipse.m2e.core.internal.Bundles - 	Entry: C:\Imp_Dwnlds\Open Source_Eclipse Org_ECLIPSE IDE_2025-03 R_eclipse-jee-2025-03-R-win32-x86_64\eclipse\plugins\org.eclipse.m2e.maven.runtime_3.9.900.20250220-2013\jars\maven-resolver-named-locks-1.9.22.jar
2025-07-16 17:43:46,582 [Worker-28: Launching mavenrun-c29c7109-2016-4d86-a12f-fc9ec8a07646] INFO  o.eclipse.m2e.core.internal.Bundles - 	Entry: C:\Imp_Dwnlds\Open Source_Eclipse Org_ECLIPSE IDE_2025-03 R_eclipse-jee-2025-03-R-win32-x86_64\eclipse\plugins\org.eclipse.m2e.maven.runtime_3.9.900.20250220-2013\jars\maven-resolver-provider-3.9.9.jar
2025-07-16 17:43:46,582 [Worker-28: Launching mavenrun-c29c7109-2016-4d86-a12f-fc9ec8a07646] INFO  o.eclipse.m2e.core.internal.Bundles - 	Entry: C:\Imp_Dwnlds\Open Source_Eclipse Org_ECLIPSE IDE_2025-03 R_eclipse-jee-2025-03-R-win32-x86_64\eclipse\plugins\org.eclipse.m2e.maven.runtime_3.9.900.20250220-2013\jars\maven-resolver-spi-1.9.22.jar
2025-07-16 17:43:46,583 [Worker-28: Launching mavenrun-c29c7109-2016-4d86-a12f-fc9ec8a07646] INFO  o.eclipse.m2e.core.internal.Bundles - 	Entry: C:\Imp_Dwnlds\Open Source_Eclipse Org_ECLIPSE IDE_2025-03 R_eclipse-jee-2025-03-R-win32-x86_64\eclipse\plugins\org.eclipse.m2e.maven.runtime_3.9.900.20250220-2013\jars\maven-resolver-transport-file-1.9.22.jar
2025-07-16 17:43:46,583 [Worker-28: Launching mavenrun-c29c7109-2016-4d86-a12f-fc9ec8a07646] INFO  o.eclipse.m2e.core.internal.Bundles - 	Entry: C:\Imp_Dwnlds\Open Source_Eclipse Org_ECLIPSE IDE_2025-03 R_eclipse-jee-2025-03-R-win32-x86_64\eclipse\plugins\org.eclipse.m2e.maven.runtime_3.9.900.20250220-2013\jars\maven-resolver-transport-http-1.9.22.jar
2025-07-16 17:43:46,584 [Worker-28: Launching mavenrun-c29c7109-2016-4d86-a12f-fc9ec8a07646] INFO  o.eclipse.m2e.core.internal.Bundles - 	Entry: C:\Imp_Dwnlds\Open Source_Eclipse Org_ECLIPSE IDE_2025-03 R_eclipse-jee-2025-03-R-win32-x86_64\eclipse\plugins\org.eclipse.m2e.maven.runtime_3.9.900.20250220-2013\jars\maven-resolver-transport-wagon-1.9.22.jar
2025-07-16 17:43:46,584 [Worker-28: Launching mavenrun-c29c7109-2016-4d86-a12f-fc9ec8a07646] INFO  o.eclipse.m2e.core.internal.Bundles - 	Entry: C:\Imp_Dwnlds\Open Source_Eclipse Org_ECLIPSE IDE_2025-03 R_eclipse-jee-2025-03-R-win32-x86_64\eclipse\plugins\org.eclipse.m2e.maven.runtime_3.9.900.20250220-2013\jars\maven-resolver-util-1.9.22.jar
2025-07-16 17:43:46,585 [Worker-28: Launching mavenrun-c29c7109-2016-4d86-a12f-fc9ec8a07646] INFO  o.eclipse.m2e.core.internal.Bundles - 	Entry: C:\Imp_Dwnlds\Open Source_Eclipse Org_ECLIPSE IDE_2025-03 R_eclipse-jee-2025-03-R-win32-x86_64\eclipse\plugins\org.eclipse.m2e.maven.runtime_3.9.900.20250220-2013\jars\maven-settings-3.9.9.jar
2025-07-16 17:43:46,585 [Worker-28: Launching mavenrun-c29c7109-2016-4d86-a12f-fc9ec8a07646] INFO  o.eclipse.m2e.core.internal.Bundles - 	Entry: C:\Imp_Dwnlds\Open Source_Eclipse Org_ECLIPSE IDE_2025-03 R_eclipse-jee-2025-03-R-win32-x86_64\eclipse\plugins\org.eclipse.m2e.maven.runtime_3.9.900.20250220-2013\jars\maven-settings-builder-3.9.9.jar
2025-07-16 17:43:46,586 [Worker-28: Launching mavenrun-c29c7109-2016-4d86-a12f-fc9ec8a07646] INFO  o.eclipse.m2e.core.internal.Bundles - 	Entry: C:\Imp_Dwnlds\Open Source_Eclipse Org_ECLIPSE IDE_2025-03 R_eclipse-jee-2025-03-R-win32-x86_64\eclipse\plugins\org.eclipse.m2e.maven.runtime_3.9.900.20250220-2013\jars\maven-shared-utils-3.4.2.jar
2025-07-16 17:43:46,586 [Worker-28: Launching mavenrun-c29c7109-2016-4d86-a12f-fc9ec8a07646] INFO  o.eclipse.m2e.core.internal.Bundles - 	Entry: C:\Imp_Dwnlds\Open Source_Eclipse Org_ECLIPSE IDE_2025-03 R_eclipse-jee-2025-03-R-win32-x86_64\eclipse\plugins\org.eclipse.m2e.maven.runtime_3.9.900.20250220-2013\jars\org.eclipse.sisu.inject-0.9.0.M3.jar
2025-07-16 17:43:46,586 [Worker-28: Launching mavenrun-c29c7109-2016-4d86-a12f-fc9ec8a07646] INFO  o.eclipse.m2e.core.internal.Bundles - 	Entry: C:\Imp_Dwnlds\Open Source_Eclipse Org_ECLIPSE IDE_2025-03 R_eclipse-jee-2025-03-R-win32-x86_64\eclipse\plugins\org.eclipse.m2e.maven.runtime_3.9.900.20250220-2013\jars\org.eclipse.sisu.plexus-0.9.0.M3.jar
2025-07-16 17:43:46,587 [Worker-28: Launching mavenrun-c29c7109-2016-4d86-a12f-fc9ec8a07646] INFO  o.eclipse.m2e.core.internal.Bundles - 	Entry: C:\Imp_Dwnlds\Open Source_Eclipse Org_ECLIPSE IDE_2025-03 R_eclipse-jee-2025-03-R-win32-x86_64\eclipse\plugins\org.eclipse.m2e.maven.runtime_3.9.900.20250220-2013\jars\plexus-build-api-0.0.7.jar
2025-07-16 17:43:46,587 [Worker-28: Launching mavenrun-c29c7109-2016-4d86-a12f-fc9ec8a07646] INFO  o.eclipse.m2e.core.internal.Bundles - 	Entry: C:\Imp_Dwnlds\Open Source_Eclipse Org_ECLIPSE IDE_2025-03 R_eclipse-jee-2025-03-R-win32-x86_64\eclipse\plugins\org.eclipse.m2e.maven.runtime_3.9.900.20250220-2013\jars\plexus-build-api-1.2.0.jar
2025-07-16 17:43:46,587 [Worker-28: Launching mavenrun-c29c7109-2016-4d86-a12f-fc9ec8a07646] INFO  o.eclipse.m2e.core.internal.Bundles - 	Entry: C:\Imp_Dwnlds\Open Source_Eclipse Org_ECLIPSE IDE_2025-03 R_eclipse-jee-2025-03-R-win32-x86_64\eclipse\plugins\org.eclipse.m2e.maven.runtime_3.9.900.20250220-2013\jars\plexus-cipher-2.0.jar
2025-07-16 17:43:46,588 [Worker-28: Launching mavenrun-c29c7109-2016-4d86-a12f-fc9ec8a07646] INFO  o.eclipse.m2e.core.internal.Bundles - 	Entry: C:\Imp_Dwnlds\Open Source_Eclipse Org_ECLIPSE IDE_2025-03 R_eclipse-jee-2025-03-R-win32-x86_64\eclipse\plugins\org.eclipse.m2e.maven.runtime_3.9.900.20250220-2013\jars\plexus-classworlds-2.8.0.jar
2025-07-16 17:43:46,588 [Worker-28: Launching mavenrun-c29c7109-2016-4d86-a12f-fc9ec8a07646] INFO  o.eclipse.m2e.core.internal.Bundles - 	Entry: C:\Imp_Dwnlds\Open Source_Eclipse Org_ECLIPSE IDE_2025-03 R_eclipse-jee-2025-03-R-win32-x86_64\eclipse\plugins\org.eclipse.m2e.maven.runtime_3.9.900.20250220-2013\jars\plexus-component-annotations-2.1.0.jar
2025-07-16 17:43:46,588 [Worker-28: Launching mavenrun-c29c7109-2016-4d86-a12f-fc9ec8a07646] INFO  o.eclipse.m2e.core.internal.Bundles - 	Entry: C:\Imp_Dwnlds\Open Source_Eclipse Org_ECLIPSE IDE_2025-03 R_eclipse-jee-2025-03-R-win32-x86_64\eclipse\plugins\org.eclipse.m2e.maven.runtime_3.9.900.20250220-2013\jars\plexus-interpolation-1.27.jar
2025-07-16 17:43:46,589 [Worker-28: Launching mavenrun-c29c7109-2016-4d86-a12f-fc9ec8a07646] INFO  o.eclipse.m2e.core.internal.Bundles - 	Entry: C:\Imp_Dwnlds\Open Source_Eclipse Org_ECLIPSE IDE_2025-03 R_eclipse-jee-2025-03-R-win32-x86_64\eclipse\plugins\org.eclipse.m2e.maven.runtime_3.9.900.20250220-2013\jars\plexus-sec-dispatcher-2.0.jar
2025-07-16 17:43:46,589 [Worker-28: Launching mavenrun-c29c7109-2016-4d86-a12f-fc9ec8a07646] INFO  o.eclipse.m2e.core.internal.Bundles - 	Entry: C:\Imp_Dwnlds\Open Source_Eclipse Org_ECLIPSE IDE_2025-03 R_eclipse-jee-2025-03-R-win32-x86_64\eclipse\plugins\org.eclipse.m2e.maven.runtime_3.9.900.20250220-2013\jars\plexus-utils-3.5.1.jar
2025-07-16 17:43:46,590 [Worker-28: Launching mavenrun-c29c7109-2016-4d86-a12f-fc9ec8a07646] INFO  o.eclipse.m2e.core.internal.Bundles - 	Entry: C:\Imp_Dwnlds\Open Source_Eclipse Org_ECLIPSE IDE_2025-03 R_eclipse-jee-2025-03-R-win32-x86_64\eclipse\plugins\org.eclipse.m2e.maven.runtime_3.9.900.20250220-2013\jars\plexus-xml-3.0.1.jar
2025-07-16 17:43:46,590 [Worker-28: Launching mavenrun-c29c7109-2016-4d86-a12f-fc9ec8a07646] INFO  o.eclipse.m2e.core.internal.Bundles - 	Entry: C:\Imp_Dwnlds\Open Source_Eclipse Org_ECLIPSE IDE_2025-03 R_eclipse-jee-2025-03-R-win32-x86_64\eclipse\plugins\org.eclipse.m2e.maven.runtime_3.9.900.20250220-2013\jars\wagon-file-3.5.3.jar
2025-07-16 17:43:46,591 [Worker-28: Launching mavenrun-c29c7109-2016-4d86-a12f-fc9ec8a07646] INFO  o.eclipse.m2e.core.internal.Bundles - 	Entry: C:\Imp_Dwnlds\Open Source_Eclipse Org_ECLIPSE IDE_2025-03 R_eclipse-jee-2025-03-R-win32-x86_64\eclipse\plugins\org.eclipse.m2e.maven.runtime_3.9.900.20250220-2013\jars\wagon-http-3.5.3.jar
2025-07-16 17:43:46,591 [Worker-28: Launching mavenrun-c29c7109-2016-4d86-a12f-fc9ec8a07646] INFO  o.eclipse.m2e.core.internal.Bundles - 	Entry: C:\Imp_Dwnlds\Open Source_Eclipse Org_ECLIPSE IDE_2025-03 R_eclipse-jee-2025-03-R-win32-x86_64\eclipse\plugins\org.eclipse.m2e.maven.runtime_3.9.900.20250220-2013\jars\wagon-http-shared-3.5.3.jar
2025-07-16 17:43:46,592 [Worker-28: Launching mavenrun-c29c7109-2016-4d86-a12f-fc9ec8a07646] INFO  o.eclipse.m2e.core.internal.Bundles - 	Entry: C:\Imp_Dwnlds\Open Source_Eclipse Org_ECLIPSE IDE_2025-03 R_eclipse-jee-2025-03-R-win32-x86_64\eclipse\plugins\org.eclipse.m2e.maven.runtime_3.9.900.20250220-2013\jars\wagon-provider-api-3.5.3.jar
2025-07-16 17:43:46,594 [Worker-28: Launching mavenrun-c29c7109-2016-4d86-a12f-fc9ec8a07646] INFO  o.eclipse.m2e.core.internal.Bundles - getClasspathEntries(Bundle=com.google.guava_33.4.8.jre [1015])
2025-07-16 17:43:46,595 [Worker-28: Launching mavenrun-c29c7109-2016-4d86-a12f-fc9ec8a07646] INFO  o.eclipse.m2e.core.internal.Bundles - 	Entry: C:\Imp_Dwnlds\Open Source_Eclipse Org_ECLIPSE IDE_2025-03 R_eclipse-jee-2025-03-R-win32-x86_64\eclipse\plugins\com.google.guava_33.4.8.jre.jar
2025-07-16 17:43:46,595 [Worker-28: Launching mavenrun-c29c7109-2016-4d86-a12f-fc9ec8a07646] INFO  o.eclipse.m2e.core.internal.Bundles - getClasspathEntries(Bundle=slf4j.api_2.0.17 [1403])
2025-07-16 17:43:46,595 [Worker-28: Launching mavenrun-c29c7109-2016-4d86-a12f-fc9ec8a07646] INFO  o.eclipse.m2e.core.internal.Bundles - 	Entry: C:\Imp_Dwnlds\Open Source_Eclipse Org_ECLIPSE IDE_2025-03 R_eclipse-jee-2025-03-R-win32-x86_64\eclipse\plugins\slf4j.api_2.0.17.jar
2025-07-16 17:43:46,596 [Worker-28: Launching mavenrun-c29c7109-2016-4d86-a12f-fc9ec8a07646] INFO  o.eclipse.m2e.core.internal.Bundles - getClasspathEntries(Bundle=jakarta.inject.jakarta.inject-api_1.0.5 [34])
2025-07-16 17:43:46,596 [Worker-28: Launching mavenrun-c29c7109-2016-4d86-a12f-fc9ec8a07646] INFO  o.eclipse.m2e.core.internal.Bundles - 	Entry: C:\Imp_Dwnlds\Open Source_Eclipse Org_ECLIPSE IDE_2025-03 R_eclipse-jee-2025-03-R-win32-x86_64\eclipse\plugins\jakarta.inject.jakarta.inject-api_1.0.5.jar
2025-07-16 17:43:46,596 [Worker-28: Launching mavenrun-c29c7109-2016-4d86-a12f-fc9ec8a07646] INFO  o.eclipse.m2e.core.internal.Bundles - getClasspathEntries(Bundle=javax.annotation_1.3.5.v20200909-1856 [1021])
2025-07-16 17:43:46,597 [Worker-28: Launching mavenrun-c29c7109-2016-4d86-a12f-fc9ec8a07646] INFO  o.eclipse.m2e.core.internal.Bundles - 	Entry: C:\Imp_Dwnlds\Open Source_Eclipse Org_ECLIPSE IDE_2025-03 R_eclipse-jee-2025-03-R-win32-x86_64\eclipse\plugins\javax.annotation_1.3.5.v20200909-1856.jar
2025-07-16 17:43:46,597 [Worker-28: Launching mavenrun-c29c7109-2016-4d86-a12f-fc9ec8a07646] INFO  o.eclipse.m2e.core.internal.Bundles - getClasspathEntries(Bundle=org.apache.commons.cli_1.9.0 [74])
2025-07-16 17:43:46,598 [Worker-28: Launching mavenrun-c29c7109-2016-4d86-a12f-fc9ec8a07646] INFO  o.eclipse.m2e.core.internal.Bundles - 	Entry: C:\Imp_Dwnlds\Open Source_Eclipse Org_ECLIPSE IDE_2025-03 R_eclipse-jee-2025-03-R-win32-x86_64\eclipse\plugins\org.apache.commons.cli_1.9.0.jar
2025-07-16 17:43:46,598 [Worker-28: Launching mavenrun-c29c7109-2016-4d86-a12f-fc9ec8a07646] INFO  o.eclipse.m2e.core.internal.Bundles - getClasspathEntries(Bundle=org.apache.commons.commons-codec_1.16.0 [76])
2025-07-16 17:43:46,598 [Worker-28: Launching mavenrun-c29c7109-2016-4d86-a12f-fc9ec8a07646] INFO  o.eclipse.m2e.core.internal.Bundles - 	Entry: C:\Imp_Dwnlds\Open Source_Eclipse Org_ECLIPSE IDE_2025-03 R_eclipse-jee-2025-03-R-win32-x86_64\eclipse\plugins\org.apache.commons.commons-codec_1.16.0.jar
2025-07-16 17:43:46,598 [Worker-28: Launching mavenrun-c29c7109-2016-4d86-a12f-fc9ec8a07646] INFO  o.eclipse.m2e.core.internal.Bundles - getClasspathEntries(Bundle=com.google.guava.failureaccess_1.0.3 [1016])
2025-07-16 17:43:46,599 [Worker-28: Launching mavenrun-c29c7109-2016-4d86-a12f-fc9ec8a07646] INFO  o.eclipse.m2e.core.internal.Bundles - 	Entry: C:\Imp_Dwnlds\Open Source_Eclipse Org_ECLIPSE IDE_2025-03 R_eclipse-jee-2025-03-R-win32-x86_64\eclipse\plugins\com.google.guava.failureaccess_1.0.3.jar
2025-07-16 17:43:46,606 [Worker-28: Launching mavenrun-c29c7109-2016-4d86-a12f-fc9ec8a07646] INFO  o.e.m.i.launch.MavenLaunchDelegate - Run build in "C:\Users\2426387\AppData\Local\Temp\m2e-archetypeGenerator4190857603488447":
2025-07-16 17:43:46,614 [Worker-28: Launching mavenrun-c29c7109-2016-4d86-a12f-fc9ec8a07646] INFO  o.e.m.i.launch.MavenLaunchDelegate -  mvn  -DarchetypeGroupId=org.apache.maven.archetypes -DarchetypeArtifactId=maven-archetype-quickstart -DarchetypeVersion=1.1 -DgroupId=com -DartifactId=hms -Dversion=0.0.1-SNAPSHOT -Dpackage=com.hms -DoutputDirectory=C:\Users\2426387\POD2_PROJECT -Dstyle.color=always -U archetype:generate
2025-07-16 17:48:01,362 [Worker-1: Importing Maven projects] INFO  o.e.m.c.i.l.LifecycleMappingFactory - Using org.eclipse.m2e.jdt.JarLifecycleMapping lifecycle mapping for MavenProject: com:hms:0.0.1-SNAPSHOT @ C:\Users\2426387\POD2_PROJECT\hms\pom.xml.
2025-07-16 17:48:02,572 [Worker-1: Importing Maven projects] INFO  o.e.m.j.i.AbstractJavaProjectConfigurator - Adding source folder /hms/src/main/java
2025-07-16 17:48:02,573 [Worker-1: Importing Maven projects] INFO  o.e.m.j.i.AbstractJavaProjectConfigurator - Adding resource folder /hms/src/main/resources
2025-07-16 17:48:02,587 [Worker-1: Importing Maven projects] INFO  o.e.m.j.i.AbstractJavaProjectConfigurator - Adding resource folder /hms/src/main/resources
2025-07-16 17:48:02,600 [Worker-1: Importing Maven projects] INFO  o.e.m.j.i.AbstractJavaProjectConfigurator - Adding source folder /hms/src/test/java
2025-07-16 17:48:02,601 [Worker-1: Importing Maven projects] INFO  o.e.m.j.i.AbstractJavaProjectConfigurator - Adding resource folder /hms/src/test/resources
2025-07-16 17:48:03,487 [Worker-1: Importing Maven projects] INFO  o.e.m.c.i.p.ProjectConfigurationManager - Imported and configured 1 project(s) in 3 sec
2025-07-16 17:48:04,503 [Worker-8: Building] INFO  o.a.m.s.f.DefaultMavenResourcesFiltering - Copying 1 resource from src\main\resources to target\classes
2025-07-16 17:48:04,521 [Worker-8: Building] INFO  o.a.m.s.f.DefaultMavenResourcesFiltering - Copying 0 resource from src\main\resources to target\classes
2025-07-16 17:48:04,527 [Worker-8: Building] INFO  o.a.m.s.f.DefaultMavenResourcesFiltering - skip non existing resourceDirectory C:\Users\2426387\POD2_PROJECT\hms\src\test\resources
2025-07-16 17:52:20,678 [Worker-31: Updating Maven Project] INFO  o.e.m.c.i.p.ProjectConfigurationManager - Update started
2025-07-16 17:52:21,073 [Worker-31: Updating Maven Project] INFO  o.e.m.c.i.l.LifecycleMappingFactory - Using org.eclipse.m2e.jdt.JarLifecycleMapping lifecycle mapping for MavenProject: com:hms:0.0.1-SNAPSHOT @ C:\Users\2426387\POD2_PROJECT\hms\pom.xml.
2025-07-16 17:52:21,454 [Worker-31: Updating Maven Project] INFO  o.e.m.j.i.AbstractJavaProjectConfigurator - Adding source folder /hms/src/main/java
2025-07-16 17:52:21,455 [Worker-31: Updating Maven Project] INFO  o.e.m.j.i.AbstractJavaProjectConfigurator - Adding resource folder /hms/src/main/resources
2025-07-16 17:52:21,456 [Worker-31: Updating Maven Project] INFO  o.e.m.j.i.AbstractJavaProjectConfigurator - Adding resource folder /hms/src/main/resources
2025-07-16 17:52:21,457 [Worker-31: Updating Maven Project] INFO  o.e.m.j.i.AbstractJavaProjectConfigurator - Adding source folder /hms/src/test/java
2025-07-16 17:52:21,458 [Worker-31: Updating Maven Project] INFO  o.e.m.j.i.AbstractJavaProjectConfigurator - Adding resource folder /hms/src/test/resources
2025-07-16 17:52:21,673 [Worker-31: Updating Maven Project] INFO  o.e.m.c.i.p.ProjectConfigurationManager - Update completed for 1 poms: local refresh takes 0.00 sec, refresh facades takes 0.00 sec, update config takes 0.00 sec 
2025-07-16 17:52:21,947 [Worker-32: Building] INFO  o.a.m.s.f.DefaultMavenResourcesFiltering - Copying 1 resource from src\main\resources to target\classes
2025-07-16 17:52:21,959 [Worker-32: Building] INFO  o.a.m.s.f.DefaultMavenResourcesFiltering - Copying 0 resource from src\main\resources to target\classes
2025-07-16 17:52:21,966 [Worker-32: Building] INFO  o.a.m.s.f.DefaultMavenResourcesFiltering - skip non existing resourceDirectory C:\Users\2426387\POD2_PROJECT\hms\src\test\resources
2025-07-16 17:52:46,038 [Worker-31: Building] INFO  o.a.m.s.f.DefaultMavenResourcesFiltering - Copying 1 resource from src\main\resources to target\classes
2025-07-16 17:52:46,073 [Worker-31: Building] INFO  o.a.m.s.f.DefaultMavenResourcesFiltering - Copying 0 resource from src\main\resources to target\classes
2025-07-16 17:52:46,079 [Worker-31: Building] INFO  o.a.m.s.f.DefaultMavenResourcesFiltering - skip non existing resourceDirectory C:\Users\2426387\POD2_PROJECT\hms\src\test\resources
2025-07-16 17:53:25,189 [Worker-32: Building] INFO  o.a.m.s.f.DefaultMavenResourcesFiltering - Copying 1 resource from src\main\resources to target\classes
2025-07-16 17:53:25,200 [Worker-32: Building] INFO  o.a.m.s.f.DefaultMavenResourcesFiltering - Copying 0 resource from src\main\resources to target\classes
2025-07-16 17:53:25,205 [Worker-32: Building] INFO  o.a.m.s.f.DefaultMavenResourcesFiltering - skip non existing resourceDirectory C:\Users\2426387\POD2_PROJECT\hms\src\test\resources
2025-07-16 17:53:54,762 [Worker-9: Building] INFO  o.e.m.c.i.l.LifecycleMappingFactory - Using org.eclipse.m2e.jdt.JarLifecycleMapping lifecycle mapping for MavenProject: com:hms:0.0.1-SNAPSHOT @ C:\Users\2426387\POD2_PROJECT\hms\pom.xml.
2025-07-16 17:53:55,473 [Worker-9: Building] INFO  o.e.m.c.i.e.AbstractTransferListenerAdapter - Downloading https://repo.maven.apache.org/maven2/org/projectlombok/lombok/1.18.38/lombok-1.18.38.pom
2025-07-16 17:53:55,483 [Worker-9: Building] INFO  o.e.m.c.i.e.AbstractTransferListenerAdapter - Downloaded https://repo.maven.apache.org/maven2/org/projectlombok/lombok/1.18.38/lombok-1.18.38.pom
2025-07-16 17:53:55,592 [Worker-9: Building] WARN  o.e.m.c.i.embedder.EclipseLogger - The artifact mysql:mysql-connector-java:jar:8.0.33 has been relocated to com.mysql:mysql-connector-j:jar:8.0.33: MySQL Connector/J artifacts moved to reverse-DNS compliant Maven 2+ coordinates.
2025-07-16 17:53:55,981 [Worker-9: Building] INFO  o.e.m.c.i.e.AbstractTransferListenerAdapter - Downloading https://repo.maven.apache.org/maven2/org/projectlombok/lombok/1.18.38/lombok-1.18.38.jar
2025-07-16 17:53:56,415 [Worker-9: Building] INFO  o.e.m.c.i.e.AbstractTransferListenerAdapter - Downloaded https://repo.maven.apache.org/maven2/org/projectlombok/lombok/1.18.38/lombok-1.18.38.jar
2025-07-16 17:53:57,074 [Worker-9: Building] INFO  o.a.m.s.f.DefaultMavenResourcesFiltering - Copying 0 resource from src\main\resources to target\classes
2025-07-16 17:53:57,075 [Worker-9: Building] INFO  o.a.m.s.f.DefaultMavenResourcesFiltering - Copying 0 resource from src\main\resources to target\classes
2025-07-16 17:53:57,081 [Worker-9: Building] INFO  o.a.m.s.f.DefaultMavenResourcesFiltering - skip non existing resourceDirectory C:\Users\2426387\POD2_PROJECT\hms\src\test\resources
2025-07-16 17:53:58,029 [Worker-8: Download sources and javadoc] INFO  o.e.m.c.i.e.AbstractTransferListenerAdapter - Downloading https://repo.maven.apache.org/maven2/org/projectlombok/lombok/1.18.38/lombok-1.18.38-sources.jar
2025-07-16 17:53:58,345 [Worker-8: Download sources and javadoc] INFO  o.e.m.c.i.e.AbstractTransferListenerAdapter - Downloaded https://repo.maven.apache.org/maven2/org/projectlombok/lombok/1.18.38/lombok-1.18.38-sources.jar
2025-07-16 17:53:58,355 [Worker-8: Download sources and javadoc] INFO  o.e.m.j.internal.DownloadSourcesJob - Downloaded sources for org.projectlombok:lombok:1.18.38
2025-07-16 17:53:59,283 [Worker-32: Building] INFO  o.a.m.s.f.DefaultMavenResourcesFiltering - Copying 1 resource from src\main\resources to target\classes
2025-07-16 17:53:59,368 [Worker-32: Building] INFO  o.a.m.s.f.DefaultMavenResourcesFiltering - Copying 0 resource from src\main\resources to target\classes
2025-07-16 17:53:59,382 [Worker-32: Building] INFO  o.a.m.s.f.DefaultMavenResourcesFiltering - skip non existing resourceDirectory C:\Users\2426387\POD2_PROJECT\hms\src\test\resources
2025-07-16 17:59:00,855 [Worker-34: Building] INFO  o.a.m.s.f.DefaultMavenResourcesFiltering - Copying 1 resource from src\main\resources to target\classes
2025-07-16 17:59:00,862 [Worker-34: Building] INFO  o.a.m.s.f.DefaultMavenResourcesFiltering - Copying 0 resource from src\main\resources to target\classes
2025-07-16 17:59:00,866 [Worker-34: Building] INFO  o.a.m.s.f.DefaultMavenResourcesFiltering - skip non existing resourceDirectory C:\Users\2426387\POD2_PROJECT\hms\src\test\resources
2025-07-16 17:59:38,686 [Worker-9: Building] INFO  o.a.m.s.f.DefaultMavenResourcesFiltering - Copying 1 resource from src\main\resources to target\classes
2025-07-16 17:59:38,695 [Worker-9: Building] INFO  o.a.m.s.f.DefaultMavenResourcesFiltering - Copying 0 resource from src\main\resources to target\classes
2025-07-16 17:59:38,700 [Worker-9: Building] INFO  o.a.m.s.f.DefaultMavenResourcesFiltering - skip non existing resourceDirectory C:\Users\2426387\POD2_PROJECT\hms\src\test\resources
2025-07-16 18:04:11,628 [Worker-8: Building] INFO  o.a.m.s.f.DefaultMavenResourcesFiltering - Copying 1 resource from src\main\resources to target\classes
2025-07-16 18:04:11,645 [Worker-8: Building] INFO  o.a.m.s.f.DefaultMavenResourcesFiltering - Copying 0 resource from src\main\resources to target\classes
2025-07-16 18:04:11,653 [Worker-8: Building] INFO  o.a.m.s.f.DefaultMavenResourcesFiltering - skip non existing resourceDirectory C:\Users\2426387\POD2_PROJECT\hms\src\test\resources
2025-07-16 18:05:18,171 [Worker-33: Building] INFO  o.a.m.s.f.DefaultMavenResourcesFiltering - Copying 1 resource from src\main\resources to target\classes
2025-07-16 18:05:18,182 [Worker-33: Building] INFO  o.a.m.s.f.DefaultMavenResourcesFiltering - Copying 0 resource from src\main\resources to target\classes
2025-07-16 18:05:18,189 [Worker-33: Building] INFO  o.a.m.s.f.DefaultMavenResourcesFiltering - skip non existing resourceDirectory C:\Users\2426387\POD2_PROJECT\hms\src\test\resources
2025-07-16 18:10:14,570 [Worker-39: Building] INFO  o.a.m.s.f.DefaultMavenResourcesFiltering - Copying 1 resource from src\main\resources to target\classes
2025-07-16 18:10:14,596 [Worker-39: Building] INFO  o.a.m.s.f.DefaultMavenResourcesFiltering - Copying 0 resource from src\main\resources to target\classes
2025-07-16 18:10:14,600 [Worker-39: Building] INFO  o.a.m.s.f.DefaultMavenResourcesFiltering - skip non existing resourceDirectory C:\Users\2426387\POD2_PROJECT\hms\src\test\resources
2025-07-16 18:10:31,667 [Worker-33: Building] INFO  o.a.m.s.f.DefaultMavenResourcesFiltering - Copying 1 resource from src\main\resources to target\classes
2025-07-16 18:10:31,696 [Worker-33: Building] INFO  o.a.m.s.f.DefaultMavenResourcesFiltering - Copying 0 resource from src\main\resources to target\classes
2025-07-16 18:10:31,701 [Worker-33: Building] INFO  o.a.m.s.f.DefaultMavenResourcesFiltering - skip non existing resourceDirectory C:\Users\2426387\POD2_PROJECT\hms\src\test\resources
2025-07-16 18:11:40,489 [Worker-33: Building] INFO  o.a.m.s.f.DefaultMavenResourcesFiltering - Copying 1 resource from src\main\resources to target\classes
2025-07-16 18:11:40,510 [Worker-33: Building] INFO  o.a.m.s.f.DefaultMavenResourcesFiltering - Copying 0 resource from src\main\resources to target\classes
2025-07-16 18:11:40,520 [Worker-33: Building] INFO  o.a.m.s.f.DefaultMavenResourcesFiltering - skip non existing resourceDirectory C:\Users\2426387\POD2_PROJECT\hms\src\test\resources
2025-07-16 18:11:53,478 [Worker-39: Building] INFO  o.a.m.s.f.DefaultMavenResourcesFiltering - Copying 1 resource from src\main\resources to target\classes
2025-07-16 18:11:53,485 [Worker-39: Building] INFO  o.a.m.s.f.DefaultMavenResourcesFiltering - Copying 0 resource from src\main\resources to target\classes
2025-07-16 18:11:53,489 [Worker-39: Building] INFO  o.a.m.s.f.DefaultMavenResourcesFiltering - skip non existing resourceDirectory C:\Users\2426387\POD2_PROJECT\hms\src\test\resources
2025-07-16 18:13:01,483 [Worker-40: Building] INFO  o.a.m.s.f.DefaultMavenResourcesFiltering - Copying 1 resource from src\main\resources to target\classes
2025-07-16 18:13:01,490 [Worker-40: Building] INFO  o.a.m.s.f.DefaultMavenResourcesFiltering - Copying 0 resource from src\main\resources to target\classes
2025-07-16 18:13:01,495 [Worker-40: Building] INFO  o.a.m.s.f.DefaultMavenResourcesFiltering - skip non existing resourceDirectory C:\Users\2426387\POD2_PROJECT\hms\src\test\resources
2025-07-16 18:13:09,187 [Worker-38: Building] INFO  o.a.m.s.f.DefaultMavenResourcesFiltering - Copying 1 resource from src\main\resources to target\classes
2025-07-16 18:13:09,195 [Worker-38: Building] INFO  o.a.m.s.f.DefaultMavenResourcesFiltering - Copying 0 resource from src\main\resources to target\classes
2025-07-16 18:13:09,199 [Worker-38: Building] INFO  o.a.m.s.f.DefaultMavenResourcesFiltering - skip non existing resourceDirectory C:\Users\2426387\POD2_PROJECT\hms\src\test\resources
2025-07-16 18:13:45,888 [Worker-41: Building] INFO  o.a.m.s.f.DefaultMavenResourcesFiltering - Copying 1 resource from src\main\resources to target\classes
2025-07-16 18:13:45,895 [Worker-41: Building] INFO  o.a.m.s.f.DefaultMavenResourcesFiltering - Copying 0 resource from src\main\resources to target\classes
2025-07-16 18:13:45,898 [Worker-41: Building] INFO  o.a.m.s.f.DefaultMavenResourcesFiltering - skip non existing resourceDirectory C:\Users\2426387\POD2_PROJECT\hms\src\test\resources
2025-07-16 18:16:14,927 [Worker-41: Building] INFO  o.a.m.s.f.DefaultMavenResourcesFiltering - Copying 1 resource from src\main\resources to target\classes
2025-07-16 18:16:14,935 [Worker-41: Building] INFO  o.a.m.s.f.DefaultMavenResourcesFiltering - Copying 0 resource from src\main\resources to target\classes
2025-07-16 18:16:14,940 [Worker-41: Building] INFO  o.a.m.s.f.DefaultMavenResourcesFiltering - skip non existing resourceDirectory C:\Users\2426387\POD2_PROJECT\hms\src\test\resources
2025-07-16 18:16:26,020 [Worker-33: Building] INFO  o.a.m.s.f.DefaultMavenResourcesFiltering - Copying 1 resource from src\main\resources to target\classes
2025-07-16 18:16:26,026 [Worker-33: Building] INFO  o.a.m.s.f.DefaultMavenResourcesFiltering - Copying 0 resource from src\main\resources to target\classes
2025-07-16 18:16:26,031 [Worker-33: Building] INFO  o.a.m.s.f.DefaultMavenResourcesFiltering - skip non existing resourceDirectory C:\Users\2426387\POD2_PROJECT\hms\src\test\resources
2025-07-16 18:16:43,149 [Worker-38: Building] INFO  o.a.m.s.f.DefaultMavenResourcesFiltering - Copying 1 resource from src\main\resources to target\classes
2025-07-16 18:16:43,154 [Worker-38: Building] INFO  o.a.m.s.f.DefaultMavenResourcesFiltering - Copying 0 resource from src\main\resources to target\classes
2025-07-16 18:16:43,158 [Worker-38: Building] INFO  o.a.m.s.f.DefaultMavenResourcesFiltering - skip non existing resourceDirectory C:\Users\2426387\POD2_PROJECT\hms\src\test\resources
2025-07-16 18:16:51,904 [Worker-43: Building] INFO  o.a.m.s.f.DefaultMavenResourcesFiltering - Copying 1 resource from src\main\resources to target\classes
2025-07-16 18:16:51,920 [Worker-43: Building] INFO  o.a.m.s.f.DefaultMavenResourcesFiltering - Copying 0 resource from src\main\resources to target\classes
2025-07-16 18:16:51,926 [Worker-43: Building] INFO  o.a.m.s.f.DefaultMavenResourcesFiltering - skip non existing resourceDirectory C:\Users\2426387\POD2_PROJECT\hms\src\test\resources
2025-07-16 18:19:47,855 [Worker-38: Building] INFO  o.a.m.s.f.DefaultMavenResourcesFiltering - Copying 1 resource from src\main\resources to target\classes
2025-07-16 18:19:47,862 [Worker-38: Building] INFO  o.a.m.s.f.DefaultMavenResourcesFiltering - Copying 0 resource from src\main\resources to target\classes
2025-07-16 18:19:47,866 [Worker-38: Building] INFO  o.a.m.s.f.DefaultMavenResourcesFiltering - skip non existing resourceDirectory C:\Users\2426387\POD2_PROJECT\hms\src\test\resources
2025-07-16 18:19:54,152 [Worker-42: Building] INFO  o.a.m.s.f.DefaultMavenResourcesFiltering - Copying 1 resource from src\main\resources to target\classes
2025-07-16 18:19:54,158 [Worker-42: Building] INFO  o.a.m.s.f.DefaultMavenResourcesFiltering - Copying 0 resource from src\main\resources to target\classes
2025-07-16 18:19:54,162 [Worker-42: Building] INFO  o.a.m.s.f.DefaultMavenResourcesFiltering - skip non existing resourceDirectory C:\Users\2426387\POD2_PROJECT\hms\src\test\resources
2025-07-16 18:20:03,599 [Worker-41: Building] INFO  o.a.m.s.f.DefaultMavenResourcesFiltering - Copying 1 resource from src\main\resources to target\classes
2025-07-16 18:20:03,618 [Worker-41: Building] INFO  o.a.m.s.f.DefaultMavenResourcesFiltering - Copying 0 resource from src\main\resources to target\classes
2025-07-16 18:20:03,632 [Worker-41: Building] INFO  o.a.m.s.f.DefaultMavenResourcesFiltering - skip non existing resourceDirectory C:\Users\2426387\POD2_PROJECT\hms\src\test\resources
2025-07-16 19:04:31,125 [Worker-43: Building] INFO  o.a.m.s.f.DefaultMavenResourcesFiltering - Copying 1 resource from src\main\resources to target\classes
2025-07-16 19:04:31,159 [Worker-43: Building] INFO  o.a.m.s.f.DefaultMavenResourcesFiltering - Copying 0 resource from src\main\resources to target\classes
2025-07-16 19:04:31,163 [Worker-43: Building] INFO  o.a.m.s.f.DefaultMavenResourcesFiltering - skip non existing resourceDirectory C:\Users\2426387\POD2_PROJECT\hms\src\test\resources
2025-07-16 19:07:08,555 [Worker-48: Building] INFO  o.a.m.s.f.DefaultMavenResourcesFiltering - Copying 1 resource from src\main\resources to target\classes
2025-07-16 19:07:08,601 [Worker-48: Building] INFO  o.a.m.s.f.DefaultMavenResourcesFiltering - Copying 0 resource from src\main\resources to target\classes
2025-07-16 19:07:08,617 [Worker-48: Building] INFO  o.a.m.s.f.DefaultMavenResourcesFiltering - skip non existing resourceDirectory C:\Users\2426387\POD2_PROJECT\hms\src\test\resources
2025-07-16 19:08:52,301 [Worker-44: Building] INFO  o.a.m.s.f.DefaultMavenResourcesFiltering - Copying 1 resource from src\main\resources to target\classes
2025-07-16 19:08:52,320 [Worker-44: Building] INFO  o.a.m.s.f.DefaultMavenResourcesFiltering - Copying 0 resource from src\main\resources to target\classes
2025-07-16 19:08:52,329 [Worker-44: Building] INFO  o.a.m.s.f.DefaultMavenResourcesFiltering - skip non existing resourceDirectory C:\Users\2426387\POD2_PROJECT\hms\src\test\resources
2025-07-16 19:09:23,699 [Worker-47: Building] INFO  o.a.m.s.f.DefaultMavenResourcesFiltering - Copying 1 resource from src\main\resources to target\classes
2025-07-16 19:09:23,713 [Worker-47: Building] INFO  o.a.m.s.f.DefaultMavenResourcesFiltering - Copying 0 resource from src\main\resources to target\classes
2025-07-16 19:09:23,719 [Worker-47: Building] INFO  o.a.m.s.f.DefaultMavenResourcesFiltering - skip non existing resourceDirectory C:\Users\2426387\POD2_PROJECT\hms\src\test\resources
2025-07-16 19:11:05,890 [Worker-44: Building] INFO  o.a.m.s.f.DefaultMavenResourcesFiltering - Copying 1 resource from src\main\resources to target\classes
2025-07-16 19:11:05,910 [Worker-44: Building] INFO  o.a.m.s.f.DefaultMavenResourcesFiltering - Copying 0 resource from src\main\resources to target\classes
2025-07-16 19:11:05,917 [Worker-44: Building] INFO  o.a.m.s.f.DefaultMavenResourcesFiltering - skip non existing resourceDirectory C:\Users\2426387\POD2_PROJECT\hms\src\test\resources
2025-07-16 19:11:41,196 [Worker-51: Building] INFO  o.a.m.s.f.DefaultMavenResourcesFiltering - Copying 1 resource from src\main\resources to target\classes
2025-07-16 19:11:41,204 [Worker-51: Building] INFO  o.a.m.s.f.DefaultMavenResourcesFiltering - Copying 0 resource from src\main\resources to target\classes
2025-07-16 19:11:41,208 [Worker-51: Building] INFO  o.a.m.s.f.DefaultMavenResourcesFiltering - skip non existing resourceDirectory C:\Users\2426387\POD2_PROJECT\hms\src\test\resources
2025-07-16 19:11:58,455 [Worker-48: Building] INFO  o.a.m.s.f.DefaultMavenResourcesFiltering - Copying 1 resource from src\main\resources to target\classes
2025-07-16 19:11:58,496 [Worker-48: Building] INFO  o.a.m.s.f.DefaultMavenResourcesFiltering - Copying 0 resource from src\main\resources to target\classes
2025-07-16 19:11:58,501 [Worker-48: Building] INFO  o.a.m.s.f.DefaultMavenResourcesFiltering - skip non existing resourceDirectory C:\Users\2426387\POD2_PROJECT\hms\src\test\resources
2025-07-16 19:13:02,416 [Worker-51: Building] INFO  o.a.m.s.f.DefaultMavenResourcesFiltering - Copying 1 resource from src\main\resources to target\classes
2025-07-16 19:13:02,440 [Worker-51: Building] INFO  o.a.m.s.f.DefaultMavenResourcesFiltering - Copying 0 resource from src\main\resources to target\classes
2025-07-16 19:13:02,445 [Worker-51: Building] INFO  o.a.m.s.f.DefaultMavenResourcesFiltering - skip non existing resourceDirectory C:\Users\2426387\POD2_PROJECT\hms\src\test\resources
2025-07-16 19:13:08,265 [Worker-48: Building] INFO  o.a.m.s.f.DefaultMavenResourcesFiltering - Copying 1 resource from src\main\resources to target\classes
2025-07-16 19:13:08,292 [Worker-48: Building] INFO  o.a.m.s.f.DefaultMavenResourcesFiltering - Copying 0 resource from src\main\resources to target\classes
2025-07-16 19:13:08,298 [Worker-48: Building] INFO  o.a.m.s.f.DefaultMavenResourcesFiltering - skip non existing resourceDirectory C:\Users\2426387\POD2_PROJECT\hms\src\test\resources
2025-07-16 19:14:53,577 [Worker-51: Building] INFO  o.a.m.s.f.DefaultMavenResourcesFiltering - Copying 1 resource from src\main\resources to target\classes
2025-07-16 19:14:53,627 [Worker-51: Building] INFO  o.a.m.s.f.DefaultMavenResourcesFiltering - Copying 0 resource from src\main\resources to target\classes
2025-07-16 19:14:53,633 [Worker-51: Building] INFO  o.a.m.s.f.DefaultMavenResourcesFiltering - skip non existing resourceDirectory C:\Users\2426387\POD2_PROJECT\hms\src\test\resources
2025-07-16 19:15:34,681 [Worker-50: Building] INFO  o.a.m.s.f.DefaultMavenResourcesFiltering - Copying 1 resource from src\main\resources to target\classes
2025-07-16 19:15:34,717 [Worker-50: Building] INFO  o.a.m.s.f.DefaultMavenResourcesFiltering - Copying 0 resource from src\main\resources to target\classes
2025-07-16 19:15:34,721 [Worker-50: Building] INFO  o.a.m.s.f.DefaultMavenResourcesFiltering - skip non existing resourceDirectory C:\Users\2426387\POD2_PROJECT\hms\src\test\resources
2025-07-16 19:15:56,928 [Worker-47: Building] INFO  o.a.m.s.f.DefaultMavenResourcesFiltering - Copying 1 resource from src\main\resources to target\classes
2025-07-16 19:15:56,947 [Worker-47: Building] INFO  o.a.m.s.f.DefaultMavenResourcesFiltering - Copying 0 resource from src\main\resources to target\classes
2025-07-16 19:15:56,957 [Worker-47: Building] INFO  o.a.m.s.f.DefaultMavenResourcesFiltering - skip non existing resourceDirectory C:\Users\2426387\POD2_PROJECT\hms\src\test\resources
2025-07-16 19:16:20,292 [Worker-47: Building] INFO  o.a.m.s.f.DefaultMavenResourcesFiltering - Copying 1 resource from src\main\resources to target\classes
2025-07-16 19:16:20,307 [Worker-47: Building] INFO  o.a.m.s.f.DefaultMavenResourcesFiltering - Copying 0 resource from src\main\resources to target\classes
2025-07-16 19:16:20,314 [Worker-47: Building] INFO  o.a.m.s.f.DefaultMavenResourcesFiltering - skip non existing resourceDirectory C:\Users\2426387\POD2_PROJECT\hms\src\test\resources
2025-07-16 19:19:34,395 [Worker-51: Building] INFO  o.a.m.s.f.DefaultMavenResourcesFiltering - Copying 1 resource from src\main\resources to target\classes
2025-07-16 19:19:34,407 [Worker-51: Building] INFO  o.a.m.s.f.DefaultMavenResourcesFiltering - Copying 0 resource from src\main\resources to target\classes
2025-07-16 19:19:34,413 [Worker-51: Building] INFO  o.a.m.s.f.DefaultMavenResourcesFiltering - skip non existing resourceDirectory C:\Users\2426387\POD2_PROJECT\hms\src\test\resources
2025-07-16 19:20:02,432 [Worker-44: Building] INFO  o.a.m.s.f.DefaultMavenResourcesFiltering - Copying 1 resource from src\main\resources to target\classes
2025-07-16 19:20:02,441 [Worker-44: Building] INFO  o.a.m.s.f.DefaultMavenResourcesFiltering - Copying 0 resource from src\main\resources to target\classes
2025-07-16 19:20:02,447 [Worker-44: Building] INFO  o.a.m.s.f.DefaultMavenResourcesFiltering - skip non existing resourceDirectory C:\Users\2426387\POD2_PROJECT\hms\src\test\resources
2025-07-16 19:20:12,727 [Worker-52: Building] INFO  o.a.m.s.f.DefaultMavenResourcesFiltering - Copying 1 resource from src\main\resources to target\classes
2025-07-16 19:20:12,738 [Worker-52: Building] INFO  o.a.m.s.f.DefaultMavenResourcesFiltering - Copying 0 resource from src\main\resources to target\classes
2025-07-16 19:20:12,744 [Worker-52: Building] INFO  o.a.m.s.f.DefaultMavenResourcesFiltering - skip non existing resourceDirectory C:\Users\2426387\POD2_PROJECT\hms\src\test\resources
2025-07-16 19:20:32,406 [Worker-52: Building] INFO  o.a.m.s.f.DefaultMavenResourcesFiltering - Copying 1 resource from src\main\resources to target\classes
2025-07-16 19:20:32,480 [Worker-52: Building] INFO  o.a.m.s.f.DefaultMavenResourcesFiltering - Copying 0 resource from src\main\resources to target\classes
2025-07-16 19:20:32,493 [Worker-52: Building] INFO  o.a.m.s.f.DefaultMavenResourcesFiltering - skip non existing resourceDirectory C:\Users\2426387\POD2_PROJECT\hms\src\test\resources
2025-07-16 19:20:44,864 [Worker-51: Building] INFO  o.a.m.s.f.DefaultMavenResourcesFiltering - Copying 1 resource from src\main\resources to target\classes
2025-07-16 19:20:44,906 [Worker-51: Building] INFO  o.a.m.s.f.DefaultMavenResourcesFiltering - Copying 0 resource from src\main\resources to target\classes
2025-07-16 19:20:44,913 [Worker-51: Building] INFO  o.a.m.s.f.DefaultMavenResourcesFiltering - skip non existing resourceDirectory C:\Users\2426387\POD2_PROJECT\hms\src\test\resources
2025-07-16 19:23:09,287 [Worker-44: Updating Maven Project] INFO  o.e.m.c.i.p.ProjectConfigurationManager - Update started
2025-07-16 19:23:10,580 [Worker-44: Updating Maven Project] INFO  o.e.m.c.i.l.LifecycleMappingFactory - Using org.eclipse.m2e.jdt.JarLifecycleMapping lifecycle mapping for MavenProject: com:hms:0.0.1-SNAPSHOT @ C:\Users\2426387\POD2_PROJECT\hms\pom.xml.
2025-07-16 19:23:11,439 [Worker-44: Updating Maven Project] WARN  o.e.m.c.i.embedder.EclipseLogger - The artifact mysql:mysql-connector-java:jar:8.0.33 has been relocated to com.mysql:mysql-connector-j:jar:8.0.33: MySQL Connector/J artifacts moved to reverse-DNS compliant Maven 2+ coordinates.
2025-07-16 19:23:12,044 [Worker-44: Updating Maven Project] INFO  o.e.m.j.i.AbstractJavaProjectConfigurator - Adding source folder /hms/src/main/java
2025-07-16 19:23:12,045 [Worker-44: Updating Maven Project] INFO  o.e.m.j.i.AbstractJavaProjectConfigurator - Adding resource folder /hms/src/main/resources
2025-07-16 19:23:12,046 [Worker-44: Updating Maven Project] INFO  o.e.m.j.i.AbstractJavaProjectConfigurator - Adding resource folder /hms/src/main/resources
2025-07-16 19:23:12,046 [Worker-44: Updating Maven Project] INFO  o.e.m.j.i.AbstractJavaProjectConfigurator - Adding source folder /hms/src/test/java
2025-07-16 19:23:12,047 [Worker-44: Updating Maven Project] INFO  o.e.m.j.i.AbstractJavaProjectConfigurator - Adding resource folder /hms/src/test/resources
2025-07-16 19:23:12,649 [Worker-44: Updating Maven Project] INFO  o.e.m.c.i.p.ProjectConfigurationManager - Update completed for 1 poms: local refresh takes 0.00 sec, refresh facades takes 2.00 sec, update config takes 0.00 sec 
2025-07-16 19:23:13,888 [Worker-59: Building] INFO  o.a.m.s.f.DefaultMavenResourcesFiltering - Copying 1 resource from src\main\resources to target\classes
2025-07-16 19:23:13,912 [Worker-59: Building] INFO  o.a.m.s.f.DefaultMavenResourcesFiltering - Copying 59 resources from src\main\resources to target\classes
2025-07-16 19:23:14,085 [Worker-59: Building] INFO  o.a.m.s.f.DefaultMavenResourcesFiltering - skip non existing resourceDirectory C:\Users\2426387\POD2_PROJECT\hms\src\test\resources
2025-07-16 19:25:05,948 [Worker-56: Building] INFO  o.a.m.s.f.DefaultMavenResourcesFiltering - Copying 1 resource from src\main\resources to target\classes
2025-07-16 19:25:05,986 [Worker-56: Building] INFO  o.a.m.s.f.DefaultMavenResourcesFiltering - Copying 59 resources from src\main\resources to target\classes
2025-07-16 19:25:06,052 [Worker-56: Building] INFO  o.a.m.s.f.DefaultMavenResourcesFiltering - skip non existing resourceDirectory C:\Users\2426387\POD2_PROJECT\hms\src\test\resources
2025-07-16 19:26:31,001 [Worker-51: Building] INFO  o.a.m.s.f.DefaultMavenResourcesFiltering - Copying 1 resource from src\main\resources to target\classes
2025-07-16 19:26:31,064 [Worker-51: Building] INFO  o.a.m.s.f.DefaultMavenResourcesFiltering - Copying 59 resources from src\main\resources to target\classes
2025-07-16 19:26:31,136 [Worker-51: Building] INFO  o.a.m.s.f.DefaultMavenResourcesFiltering - skip non existing resourceDirectory C:\Users\2426387\POD2_PROJECT\hms\src\test\resources
2025-07-16 19:30:24,401 [Worker-60: Building] INFO  o.a.m.s.f.DefaultMavenResourcesFiltering - Copying 1 resource from src\main\resources to target\classes
2025-07-16 19:30:24,421 [Worker-60: Building] INFO  o.a.m.s.f.DefaultMavenResourcesFiltering - Copying 59 resources from src\main\resources to target\classes
2025-07-16 19:30:24,479 [Worker-60: Building] INFO  o.a.m.s.f.DefaultMavenResourcesFiltering - skip non existing resourceDirectory C:\Users\2426387\POD2_PROJECT\hms\src\test\resources
2025-07-16 19:40:16,776 [Worker-62: Building] INFO  o.a.m.s.f.DefaultMavenResourcesFiltering - Copying 1 resource from src\main\resources to target\classes
2025-07-16 19:40:16,798 [Worker-62: Building] INFO  o.a.m.s.f.DefaultMavenResourcesFiltering - Copying 59 resources from src\main\resources to target\classes
2025-07-16 19:40:16,849 [Worker-62: Building] INFO  o.a.m.s.f.DefaultMavenResourcesFiltering - skip non existing resourceDirectory C:\Users\2426387\POD2_PROJECT\hms\src\test\resources
2025-07-16 19:40:56,238 [Worker-60: Building] INFO  o.a.m.s.f.DefaultMavenResourcesFiltering - Copying 1 resource from src\main\resources to target\classes
2025-07-16 19:40:56,264 [Worker-60: Building] INFO  o.a.m.s.f.DefaultMavenResourcesFiltering - Copying 59 resources from src\main\resources to target\classes
2025-07-16 19:40:56,314 [Worker-60: Building] INFO  o.a.m.s.f.DefaultMavenResourcesFiltering - skip non existing resourceDirectory C:\Users\2426387\POD2_PROJECT\hms\src\test\resources
2025-07-16 19:50:39,806 [Worker-69: Building] INFO  o.a.m.s.f.DefaultMavenResourcesFiltering - Copying 0 resource from src\main\resources to target\classes
2025-07-16 19:50:39,824 [Worker-69: Building] INFO  o.a.m.s.f.DefaultMavenResourcesFiltering - Copying 1 resource from src\main\resources to target\classes
2025-07-16 19:50:39,830 [Worker-69: Building] INFO  o.a.m.s.f.DefaultMavenResourcesFiltering - skip non existing resourceDirectory C:\Users\2426387\POD2_PROJECT\hms\src\test\resources
2025-07-16 19:51:29,218 [Worker-69: Building] INFO  o.a.m.s.f.DefaultMavenResourcesFiltering - Copying 0 resource from src\main\resources to target\classes
2025-07-16 19:51:29,238 [Worker-69: Building] INFO  o.a.m.s.f.DefaultMavenResourcesFiltering - Copying 1 resource from src\main\resources to target\classes
2025-07-16 19:51:29,247 [Worker-69: Building] INFO  o.a.m.s.f.DefaultMavenResourcesFiltering - skip non existing resourceDirectory C:\Users\2426387\POD2_PROJECT\hms\src\test\resources
2025-07-16 20:02:05,899 [Worker-71: Building] INFO  o.a.m.s.f.DefaultMavenResourcesFiltering - Copying 1 resource from src\main\resources to target\classes
2025-07-16 20:02:05,948 [Worker-71: Building] INFO  o.a.m.s.f.DefaultMavenResourcesFiltering - Copying 59 resources from src\main\resources to target\classes
2025-07-16 20:02:06,004 [Worker-71: Building] INFO  o.a.m.s.f.DefaultMavenResourcesFiltering - skip non existing resourceDirectory C:\Users\2426387\POD2_PROJECT\hms\src\test\resources
2025-07-16 20:03:36,405 [Worker-67: Building] INFO  o.a.m.s.f.DefaultMavenResourcesFiltering - Copying 0 resource from src\main\resources to target\classes
2025-07-16 20:03:36,421 [Worker-67: Building] INFO  o.a.m.s.f.DefaultMavenResourcesFiltering - Copying 1 resource from src\main\resources to target\classes
2025-07-16 20:03:36,428 [Worker-67: Building] INFO  o.a.m.s.f.DefaultMavenResourcesFiltering - skip non existing resourceDirectory C:\Users\2426387\POD2_PROJECT\hms\src\test\resources
2025-07-16 20:08:36,165 [Worker-69: Building] INFO  o.a.m.s.f.DefaultMavenResourcesFiltering - Copying 0 resource from src\main\resources to target\classes
2025-07-16 20:08:36,185 [Worker-69: Building] INFO  o.a.m.s.f.DefaultMavenResourcesFiltering - Copying 1 resource from src\main\resources to target\classes
2025-07-16 20:08:36,192 [Worker-69: Building] INFO  o.a.m.s.f.DefaultMavenResourcesFiltering - skip non existing resourceDirectory C:\Users\2426387\POD2_PROJECT\hms\src\test\resources
2025-07-16 20:12:28,608 [Worker-65: Building] INFO  o.a.m.s.f.DefaultMavenResourcesFiltering - Copying 1 resource from src\main\resources to target\classes
2025-07-16 20:12:28,656 [Worker-65: Building] INFO  o.a.m.s.f.DefaultMavenResourcesFiltering - Copying 59 resources from src\main\resources to target\classes
2025-07-16 20:12:28,701 [Worker-65: Building] INFO  o.a.m.s.f.DefaultMavenResourcesFiltering - skip non existing resourceDirectory C:\Users\2426387\POD2_PROJECT\hms\src\test\resources
2025-07-16 22:08:45,366 [Worker-72: Building] INFO  o.a.m.s.f.DefaultMavenResourcesFiltering - Copying 0 resource from src\main\resources to target\classes
2025-07-16 22:08:45,387 [Worker-72: Building] INFO  o.a.m.s.f.DefaultMavenResourcesFiltering - Copying 1 resource from src\main\resources to target\classes
2025-07-16 22:08:45,394 [Worker-72: Building] INFO  o.a.m.s.f.DefaultMavenResourcesFiltering - skip non existing resourceDirectory C:\Users\2426387\POD2_PROJECT\hms\src\test\resources
2025-07-16 22:13:55,388 [Worker-70: Building] INFO  o.a.m.s.f.DefaultMavenResourcesFiltering - Copying 0 resource from src\main\resources to target\classes
2025-07-16 22:13:55,408 [Worker-70: Building] INFO  o.a.m.s.f.DefaultMavenResourcesFiltering - Copying 1 resource from src\main\resources to target\classes
2025-07-16 22:13:55,418 [Worker-70: Building] INFO  o.a.m.s.f.DefaultMavenResourcesFiltering - skip non existing resourceDirectory C:\Users\2426387\POD2_PROJECT\hms\src\test\resources
2025-07-16 22:17:31,203 [Worker-72: Building] INFO  o.a.m.s.f.DefaultMavenResourcesFiltering - Copying 1 resource from src\main\resources to target\classes
2025-07-16 22:17:31,249 [Worker-72: Building] INFO  o.a.m.s.f.DefaultMavenResourcesFiltering - Copying 59 resources from src\main\resources to target\classes
2025-07-16 22:17:31,290 [Worker-72: Building] INFO  o.a.m.s.f.DefaultMavenResourcesFiltering - skip non existing resourceDirectory C:\Users\2426387\POD2_PROJECT\hms\src\test\resources
2025-07-16 22:18:28,376 [Worker-72: Building] INFO  o.a.m.s.f.DefaultMavenResourcesFiltering - Copying 0 resource from src\main\resources to target\classes
2025-07-16 22:18:28,393 [Worker-72: Building] INFO  o.a.m.s.f.DefaultMavenResourcesFiltering - Copying 1 resource from src\main\resources to target\classes
2025-07-16 22:18:28,398 [Worker-72: Building] INFO  o.a.m.s.f.DefaultMavenResourcesFiltering - skip non existing resourceDirectory C:\Users\2426387\POD2_PROJECT\hms\src\test\resources
2025-07-16 22:18:42,793 [Worker-72: Building] INFO  o.a.m.s.f.DefaultMavenResourcesFiltering - Copying 1 resource from src\main\resources to target\classes
2025-07-16 22:18:42,844 [Worker-72: Building] INFO  o.a.m.s.f.DefaultMavenResourcesFiltering - Copying 59 resources from src\main\resources to target\classes
2025-07-16 22:18:42,923 [Worker-72: Building] INFO  o.a.m.s.f.DefaultMavenResourcesFiltering - skip non existing resourceDirectory C:\Users\2426387\POD2_PROJECT\hms\src\test\resources
2025-07-16 22:18:59,505 [Worker-70: Building] INFO  o.a.m.s.f.DefaultMavenResourcesFiltering - Copying 1 resource from src\main\resources to target\classes
2025-07-16 22:18:59,573 [Worker-70: Building] INFO  o.a.m.s.f.DefaultMavenResourcesFiltering - Copying 59 resources from src\main\resources to target\classes
2025-07-16 22:18:59,624 [Worker-70: Building] INFO  o.a.m.s.f.DefaultMavenResourcesFiltering - skip non existing resourceDirectory C:\Users\2426387\POD2_PROJECT\hms\src\test\resources
2025-07-16 22:19:21,966 [Worker-68: Building] INFO  o.a.m.s.f.DefaultMavenResourcesFiltering - Copying 0 resource from src\main\resources to target\classes
2025-07-16 22:19:21,985 [Worker-68: Building] INFO  o.a.m.s.f.DefaultMavenResourcesFiltering - Copying 1 resource from src\main\resources to target\classes
2025-07-16 22:19:21,993 [Worker-68: Building] INFO  o.a.m.s.f.DefaultMavenResourcesFiltering - skip non existing resourceDirectory C:\Users\2426387\POD2_PROJECT\hms\src\test\resources
2025-07-16 22:30:05,974 [Worker-77: Building] INFO  o.a.m.s.f.DefaultMavenResourcesFiltering - Copying 0 resource from src\main\resources to target\classes
2025-07-16 22:30:05,993 [Worker-77: Building] INFO  o.a.m.s.f.DefaultMavenResourcesFiltering - Copying 1 resource from src\main\resources to target\classes
2025-07-16 22:30:06,001 [Worker-77: Building] INFO  o.a.m.s.f.DefaultMavenResourcesFiltering - skip non existing resourceDirectory C:\Users\2426387\POD2_PROJECT\hms\src\test\resources
2025-07-16 22:31:30,834 [Worker-76: Building] INFO  o.a.m.s.f.DefaultMavenResourcesFiltering - Copying 0 resource from src\main\resources to target\classes
2025-07-16 22:31:30,854 [Worker-76: Building] INFO  o.a.m.s.f.DefaultMavenResourcesFiltering - Copying 1 resource from src\main\resources to target\classes
2025-07-16 22:31:30,861 [Worker-76: Building] INFO  o.a.m.s.f.DefaultMavenResourcesFiltering - skip non existing resourceDirectory C:\Users\2426387\POD2_PROJECT\hms\src\test\resources
2025-07-16 22:34:09,224 [Worker-75: Building] INFO  o.a.m.s.f.DefaultMavenResourcesFiltering - Copying 0 resource from src\main\resources to target\classes
2025-07-16 22:34:09,246 [Worker-75: Building] INFO  o.a.m.s.f.DefaultMavenResourcesFiltering - Copying 1 resource from src\main\resources to target\classes
2025-07-16 22:34:09,256 [Worker-75: Building] INFO  o.a.m.s.f.DefaultMavenResourcesFiltering - skip non existing resourceDirectory C:\Users\2426387\POD2_PROJECT\hms\src\test\resources
2025-07-16 22:36:14,606 [Worker-74: Building] INFO  o.a.m.s.f.DefaultMavenResourcesFiltering - Copying 0 resource from src\main\resources to target\classes
2025-07-16 22:36:14,628 [Worker-74: Building] INFO  o.a.m.s.f.DefaultMavenResourcesFiltering - Copying 1 resource from src\main\resources to target\classes
2025-07-16 22:36:14,636 [Worker-74: Building] INFO  o.a.m.s.f.DefaultMavenResourcesFiltering - skip non existing resourceDirectory C:\Users\2426387\POD2_PROJECT\hms\src\test\resources
2025-07-16 22:38:02,370 [Worker-78: Building] INFO  o.a.m.s.f.DefaultMavenResourcesFiltering - Copying 0 resource from src\main\resources to target\classes
2025-07-16 22:38:02,389 [Worker-78: Building] INFO  o.a.m.s.f.DefaultMavenResourcesFiltering - Copying 1 resource from src\main\resources to target\classes
2025-07-16 22:38:02,396 [Worker-78: Building] INFO  o.a.m.s.f.DefaultMavenResourcesFiltering - skip non existing resourceDirectory C:\Users\2426387\POD2_PROJECT\hms\src\test\resources
2025-07-16 22:38:43,771 [Worker-75: Building] INFO  o.a.m.s.f.DefaultMavenResourcesFiltering - Copying 0 resource from src\main\resources to target\classes
2025-07-16 22:38:43,792 [Worker-75: Building] INFO  o.a.m.s.f.DefaultMavenResourcesFiltering - Copying 1 resource from src\main\resources to target\classes
2025-07-16 22:38:43,802 [Worker-75: Building] INFO  o.a.m.s.f.DefaultMavenResourcesFiltering - skip non existing resourceDirectory C:\Users\2426387\POD2_PROJECT\hms\src\test\resources
2025-07-16 22:39:33,391 [Worker-76: Building] INFO  o.a.m.s.f.DefaultMavenResourcesFiltering - Copying 0 resource from src\main\resources to target\classes
2025-07-16 22:39:33,411 [Worker-76: Building] INFO  o.a.m.s.f.DefaultMavenResourcesFiltering - Copying 1 resource from src\main\resources to target\classes
2025-07-16 22:39:33,419 [Worker-76: Building] INFO  o.a.m.s.f.DefaultMavenResourcesFiltering - skip non existing resourceDirectory C:\Users\2426387\POD2_PROJECT\hms\src\test\resources
2025-07-16 22:46:24,526 [Worker-81: Building] INFO  o.a.m.s.f.DefaultMavenResourcesFiltering - Copying 1 resource from src\main\resources to target\classes
2025-07-16 22:46:24,557 [Worker-81: Building] INFO  o.a.m.s.f.DefaultMavenResourcesFiltering - Copying 59 resources from src\main\resources to target\classes
2025-07-16 22:46:24,607 [Worker-81: Building] INFO  o.a.m.s.f.DefaultMavenResourcesFiltering - skip non existing resourceDirectory C:\Users\2426387\POD2_PROJECT\hms\src\test\resources
2025-07-16 22:46:48,549 [Worker-80: Building] INFO  o.a.m.s.f.DefaultMavenResourcesFiltering - Copying 1 resource from src\main\resources to target\classes
2025-07-16 22:46:48,573 [Worker-80: Building] INFO  o.a.m.s.f.DefaultMavenResourcesFiltering - Copying 59 resources from src\main\resources to target\classes
2025-07-16 22:46:48,624 [Worker-80: Building] INFO  o.a.m.s.f.DefaultMavenResourcesFiltering - skip non existing resourceDirectory C:\Users\2426387\POD2_PROJECT\hms\src\test\resources
2025-07-16 22:46:58,523 [Worker-84: Building] INFO  o.a.m.s.f.DefaultMavenResourcesFiltering - Copying 1 resource from src\main\resources to target\classes
2025-07-16 22:46:58,553 [Worker-84: Building] INFO  o.a.m.s.f.DefaultMavenResourcesFiltering - Copying 59 resources from src\main\resources to target\classes
2025-07-16 22:46:58,604 [Worker-84: Building] INFO  o.a.m.s.f.DefaultMavenResourcesFiltering - skip non existing resourceDirectory C:\Users\2426387\POD2_PROJECT\hms\src\test\resources
2025-07-16 22:48:36,638 [Worker-81: Building] INFO  o.a.m.s.f.DefaultMavenResourcesFiltering - Copying 1 resource from src\main\resources to target\classes
2025-07-16 22:48:36,657 [Worker-81: Building] INFO  o.a.m.s.f.DefaultMavenResourcesFiltering - Copying 59 resources from src\main\resources to target\classes
2025-07-16 22:48:36,696 [Worker-81: Building] INFO  o.a.m.s.f.DefaultMavenResourcesFiltering - skip non existing resourceDirectory C:\Users\2426387\POD2_PROJECT\hms\src\test\resources
2025-07-16 22:48:58,219 [Worker-83: Building] INFO  o.a.m.s.f.DefaultMavenResourcesFiltering - Copying 1 resource from src\main\resources to target\classes
2025-07-16 22:48:58,236 [Worker-83: Building] INFO  o.a.m.s.f.DefaultMavenResourcesFiltering - Copying 59 resources from src\main\resources to target\classes
2025-07-16 22:48:58,270 [Worker-83: Building] INFO  o.a.m.s.f.DefaultMavenResourcesFiltering - skip non existing resourceDirectory C:\Users\2426387\POD2_PROJECT\hms\src\test\resources
2025-07-16 22:49:07,567 [Worker-84: Building] INFO  o.a.m.s.f.DefaultMavenResourcesFiltering - Copying 1 resource from src\main\resources to target\classes
2025-07-16 22:49:07,585 [Worker-84: Building] INFO  o.a.m.s.f.DefaultMavenResourcesFiltering - Copying 59 resources from src\main\resources to target\classes
2025-07-16 22:49:07,626 [Worker-84: Building] INFO  o.a.m.s.f.DefaultMavenResourcesFiltering - skip non existing resourceDirectory C:\Users\2426387\POD2_PROJECT\hms\src\test\resources
2025-07-16 22:49:55,021 [Worker-84: Building] INFO  o.a.m.s.f.DefaultMavenResourcesFiltering - Copying 1 resource from src\main\resources to target\classes
2025-07-16 22:49:55,060 [Worker-84: Building] INFO  o.a.m.s.f.DefaultMavenResourcesFiltering - Copying 59 resources from src\main\resources to target\classes
2025-07-16 22:49:55,117 [Worker-84: Building] INFO  o.a.m.s.f.DefaultMavenResourcesFiltering - skip non existing resourceDirectory C:\Users\2426387\POD2_PROJECT\hms\src\test\resources
2025-07-16 22:50:07,964 [Worker-83: Building] INFO  o.a.m.s.f.DefaultMavenResourcesFiltering - Copying 1 resource from src\main\resources to target\classes
2025-07-16 22:50:07,977 [Worker-83: Building] INFO  o.a.m.s.f.DefaultMavenResourcesFiltering - Copying 59 resources from src\main\resources to target\classes
2025-07-16 22:50:08,010 [Worker-83: Building] INFO  o.a.m.s.f.DefaultMavenResourcesFiltering - skip non existing resourceDirectory C:\Users\2426387\POD2_PROJECT\hms\src\test\resources
2025-07-16 22:50:15,582 [Worker-85: Building] INFO  o.a.m.s.f.DefaultMavenResourcesFiltering - Copying 1 resource from src\main\resources to target\classes
2025-07-16 22:50:15,629 [Worker-85: Building] INFO  o.a.m.s.f.DefaultMavenResourcesFiltering - Copying 59 resources from src\main\resources to target\classes
2025-07-16 22:50:15,673 [Worker-85: Building] INFO  o.a.m.s.f.DefaultMavenResourcesFiltering - skip non existing resourceDirectory C:\Users\2426387\POD2_PROJECT\hms\src\test\resources
2025-07-16 22:53:12,824 [Worker-85: Building] INFO  o.a.m.s.f.DefaultMavenResourcesFiltering - Copying 1 resource from src\main\resources to target\classes
2025-07-16 22:53:12,843 [Worker-85: Building] INFO  o.a.m.s.f.DefaultMavenResourcesFiltering - Copying 59 resources from src\main\resources to target\classes
2025-07-16 22:53:12,902 [Worker-85: Building] INFO  o.a.m.s.f.DefaultMavenResourcesFiltering - skip non existing resourceDirectory C:\Users\2426387\POD2_PROJECT\hms\src\test\resources
2025-07-16 22:53:28,186 [Worker-88: Building] INFO  o.a.m.s.f.DefaultMavenResourcesFiltering - Copying 1 resource from src\main\resources to target\classes
2025-07-16 22:53:28,217 [Worker-88: Building] INFO  o.a.m.s.f.DefaultMavenResourcesFiltering - Copying 59 resources from src\main\resources to target\classes
2025-07-16 22:53:28,259 [Worker-88: Building] INFO  o.a.m.s.f.DefaultMavenResourcesFiltering - skip non existing resourceDirectory C:\Users\2426387\POD2_PROJECT\hms\src\test\resources
2025-07-16 22:53:47,466 [Worker-85: Building] INFO  o.a.m.s.f.DefaultMavenResourcesFiltering - Copying 1 resource from src\main\resources to target\classes
2025-07-16 22:53:47,491 [Worker-85: Building] INFO  o.a.m.s.f.DefaultMavenResourcesFiltering - Copying 59 resources from src\main\resources to target\classes
2025-07-16 22:53:47,537 [Worker-85: Building] INFO  o.a.m.s.f.DefaultMavenResourcesFiltering - skip non existing resourceDirectory C:\Users\2426387\POD2_PROJECT\hms\src\test\resources
2025-07-16 22:53:55,654 [Worker-84: Building] INFO  o.a.m.s.f.DefaultMavenResourcesFiltering - Copying 1 resource from src\main\resources to target\classes
2025-07-16 22:53:55,693 [Worker-84: Building] INFO  o.a.m.s.f.DefaultMavenResourcesFiltering - Copying 59 resources from src\main\resources to target\classes
2025-07-16 22:53:55,757 [Worker-84: Building] INFO  o.a.m.s.f.DefaultMavenResourcesFiltering - skip non existing resourceDirectory C:\Users\2426387\POD2_PROJECT\hms\src\test\resources
2025-07-16 22:55:09,258 [Worker-83: Building] INFO  o.a.m.s.f.DefaultMavenResourcesFiltering - Copying 1 resource from src\main\resources to target\classes
2025-07-16 22:55:09,296 [Worker-83: Building] INFO  o.a.m.s.f.DefaultMavenResourcesFiltering - Copying 59 resources from src\main\resources to target\classes
2025-07-16 22:55:09,334 [Worker-83: Building] INFO  o.a.m.s.f.DefaultMavenResourcesFiltering - skip non existing resourceDirectory C:\Users\2426387\POD2_PROJECT\hms\src\test\resources
2025-07-16 22:55:15,709 [Worker-88: Building] INFO  o.a.m.s.f.DefaultMavenResourcesFiltering - Copying 1 resource from src\main\resources to target\classes
2025-07-16 22:55:15,726 [Worker-88: Building] INFO  o.a.m.s.f.DefaultMavenResourcesFiltering - Copying 59 resources from src\main\resources to target\classes
2025-07-16 22:55:15,770 [Worker-88: Building] INFO  o.a.m.s.f.DefaultMavenResourcesFiltering - skip non existing resourceDirectory C:\Users\2426387\POD2_PROJECT\hms\src\test\resources
2025-07-16 22:55:41,498 [Worker-85: Building] INFO  o.a.m.s.f.DefaultMavenResourcesFiltering - Copying 1 resource from src\main\resources to target\classes
2025-07-16 22:55:41,515 [Worker-85: Building] INFO  o.a.m.s.f.DefaultMavenResourcesFiltering - Copying 59 resources from src\main\resources to target\classes
2025-07-16 22:55:41,559 [Worker-85: Building] INFO  o.a.m.s.f.DefaultMavenResourcesFiltering - skip non existing resourceDirectory C:\Users\2426387\POD2_PROJECT\hms\src\test\resources
2025-07-16 22:55:53,039 [Worker-88: Building] INFO  o.a.m.s.f.DefaultMavenResourcesFiltering - Copying 1 resource from src\main\resources to target\classes
2025-07-16 22:55:53,056 [Worker-88: Building] INFO  o.a.m.s.f.DefaultMavenResourcesFiltering - Copying 59 resources from src\main\resources to target\classes
2025-07-16 22:55:53,096 [Worker-88: Building] INFO  o.a.m.s.f.DefaultMavenResourcesFiltering - skip non existing resourceDirectory C:\Users\2426387\POD2_PROJECT\hms\src\test\resources
2025-07-16 22:55:54,303 [Worker-89: Building] INFO  o.a.m.s.f.DefaultMavenResourcesFiltering - Copying 1 resource from src\main\resources to target\classes
2025-07-16 22:55:54,343 [Worker-89: Building] INFO  o.a.m.s.f.DefaultMavenResourcesFiltering - Copying 59 resources from src\main\resources to target\classes
2025-07-16 22:55:54,382 [Worker-89: Building] INFO  o.a.m.s.f.DefaultMavenResourcesFiltering - skip non existing resourceDirectory C:\Users\2426387\POD2_PROJECT\hms\src\test\resources
2025-07-16 22:57:02,192 [Worker-84: Building] INFO  o.a.m.s.f.DefaultMavenResourcesFiltering - Copying 1 resource from src\main\resources to target\classes
2025-07-16 22:57:02,226 [Worker-84: Building] INFO  o.a.m.s.f.DefaultMavenResourcesFiltering - Copying 59 resources from src\main\resources to target\classes
2025-07-16 22:57:02,277 [Worker-84: Building] INFO  o.a.m.s.f.DefaultMavenResourcesFiltering - skip non existing resourceDirectory C:\Users\2426387\POD2_PROJECT\hms\src\test\resources
2025-07-16 22:57:58,676 [Worker-84: Building] INFO  o.a.m.s.f.DefaultMavenResourcesFiltering - Copying 1 resource from src\main\resources to target\classes
2025-07-16 22:57:58,696 [Worker-84: Building] INFO  o.a.m.s.f.DefaultMavenResourcesFiltering - Copying 59 resources from src\main\resources to target\classes
2025-07-16 22:57:58,746 [Worker-84: Building] INFO  o.a.m.s.f.DefaultMavenResourcesFiltering - skip non existing resourceDirectory C:\Users\2426387\POD2_PROJECT\hms\src\test\resources
2025-07-16 23:12:09,335 [Worker-90: Building] INFO  o.a.m.s.f.DefaultMavenResourcesFiltering - Copying 1 resource from src\main\resources to target\classes
2025-07-16 23:12:09,355 [Worker-90: Building] INFO  o.a.m.s.f.DefaultMavenResourcesFiltering - Copying 59 resources from src\main\resources to target\classes
2025-07-16 23:12:09,399 [Worker-90: Building] INFO  o.a.m.s.f.DefaultMavenResourcesFiltering - skip non existing resourceDirectory C:\Users\2426387\POD2_PROJECT\hms\src\test\resources
2025-07-16 23:12:43,183 [Worker-96: Building] INFO  o.a.m.s.f.DefaultMavenResourcesFiltering - Copying 1 resource from src\main\resources to target\classes
2025-07-16 23:12:43,202 [Worker-96: Building] INFO  o.a.m.s.f.DefaultMavenResourcesFiltering - Copying 59 resources from src\main\resources to target\classes
2025-07-16 23:12:43,246 [Worker-96: Building] INFO  o.a.m.s.f.DefaultMavenResourcesFiltering - skip non existing resourceDirectory C:\Users\2426387\POD2_PROJECT\hms\src\test\resources
2025-07-16 23:12:50,983 [Worker-98: Building] INFO  o.a.m.s.f.DefaultMavenResourcesFiltering - Copying 1 resource from src\main\resources to target\classes
2025-07-16 23:12:51,003 [Worker-98: Building] INFO  o.a.m.s.f.DefaultMavenResourcesFiltering - Copying 59 resources from src\main\resources to target\classes
2025-07-16 23:12:51,045 [Worker-98: Building] INFO  o.a.m.s.f.DefaultMavenResourcesFiltering - skip non existing resourceDirectory C:\Users\2426387\POD2_PROJECT\hms\src\test\resources
2025-07-16 23:13:41,590 [Worker-93: Building] INFO  o.a.m.s.f.DefaultMavenResourcesFiltering - Copying 1 resource from src\main\resources to target\classes
2025-07-16 23:13:41,617 [Worker-93: Building] INFO  o.a.m.s.f.DefaultMavenResourcesFiltering - Copying 59 resources from src\main\resources to target\classes
2025-07-16 23:13:41,676 [Worker-93: Building] INFO  o.a.m.s.f.DefaultMavenResourcesFiltering - skip non existing resourceDirectory C:\Users\2426387\POD2_PROJECT\hms\src\test\resources
2025-07-16 23:14:10,224 [Worker-96: Building] INFO  o.a.m.s.f.DefaultMavenResourcesFiltering - Copying 1 resource from src\main\resources to target\classes
2025-07-16 23:14:10,299 [Worker-96: Building] INFO  o.a.m.s.f.DefaultMavenResourcesFiltering - Copying 59 resources from src\main\resources to target\classes
2025-07-16 23:14:10,358 [Worker-96: Building] INFO  o.a.m.s.f.DefaultMavenResourcesFiltering - skip non existing resourceDirectory C:\Users\2426387\POD2_PROJECT\hms\src\test\resources
2025-07-16 23:15:33,489 [Worker-90: Building] INFO  o.a.m.s.f.DefaultMavenResourcesFiltering - Copying 1 resource from src\main\resources to target\classes
2025-07-16 23:15:33,506 [Worker-90: Building] INFO  o.a.m.s.f.DefaultMavenResourcesFiltering - Copying 59 resources from src\main\resources to target\classes
2025-07-16 23:15:33,553 [Worker-90: Building] INFO  o.a.m.s.f.DefaultMavenResourcesFiltering - skip non existing resourceDirectory C:\Users\2426387\POD2_PROJECT\hms\src\test\resources
2025-07-16 23:15:39,692 [Worker-90: Building] INFO  o.a.m.s.f.DefaultMavenResourcesFiltering - Copying 1 resource from src\main\resources to target\classes
2025-07-16 23:15:39,735 [Worker-90: Building] INFO  o.a.m.s.f.DefaultMavenResourcesFiltering - Copying 59 resources from src\main\resources to target\classes
2025-07-16 23:15:39,782 [Worker-90: Building] INFO  o.a.m.s.f.DefaultMavenResourcesFiltering - skip non existing resourceDirectory C:\Users\2426387\POD2_PROJECT\hms\src\test\resources
2025-07-16 23:16:33,412 [Worker-95: Building] INFO  o.a.m.s.f.DefaultMavenResourcesFiltering - Copying 1 resource from src\main\resources to target\classes
2025-07-16 23:16:33,438 [Worker-95: Building] INFO  o.a.m.s.f.DefaultMavenResourcesFiltering - Copying 59 resources from src\main\resources to target\classes
2025-07-16 23:16:33,496 [Worker-95: Building] INFO  o.a.m.s.f.DefaultMavenResourcesFiltering - skip non existing resourceDirectory C:\Users\2426387\POD2_PROJECT\hms\src\test\resources
2025-07-16 23:18:48,458 [Worker-99: Building] INFO  o.a.m.s.f.DefaultMavenResourcesFiltering - Copying 1 resource from src\main\resources to target\classes
2025-07-16 23:18:48,479 [Worker-99: Building] INFO  o.a.m.s.f.DefaultMavenResourcesFiltering - Copying 59 resources from src\main\resources to target\classes
2025-07-16 23:18:48,539 [Worker-99: Building] INFO  o.a.m.s.f.DefaultMavenResourcesFiltering - skip non existing resourceDirectory C:\Users\2426387\POD2_PROJECT\hms\src\test\resources
2025-07-16 23:19:11,501 [Worker-101: Building] INFO  o.a.m.s.f.DefaultMavenResourcesFiltering - Copying 1 resource from src\main\resources to target\classes
2025-07-16 23:19:11,546 [Worker-101: Building] INFO  o.a.m.s.f.DefaultMavenResourcesFiltering - Copying 59 resources from src\main\resources to target\classes
2025-07-16 23:19:11,601 [Worker-101: Building] INFO  o.a.m.s.f.DefaultMavenResourcesFiltering - skip non existing resourceDirectory C:\Users\2426387\POD2_PROJECT\hms\src\test\resources
